This is pdfTeX, Version 3.141592653-2.6-1.40.22 (TeX Live 2022/dev/Debian) (preloaded format=pdflatex 2024.11.20)  6 MAY 2025 11:45
entering extended mode
 restricted \write18 enabled.
 %&-line parsing enabled.
**project.tex
(./project.tex
LaTeX2e <2021-11-15> patch level 1
L3 programming layer <2022-01-21>
(/usr/share/texlive/texmf-dist/tex/latex/base/report.cls
Document Class: report 2021/10/04 v1.4n Standard LaTeX document class
(/usr/share/texlive/texmf-dist/tex/latex/base/size12.clo
File: size12.clo 2021/10/04 v1.4n Standard LaTeX file (size option)
)
\c@part=\count185
\c@chapter=\count186
\c@section=\count187
\c@subsection=\count188
\c@subsubsection=\count189
\c@paragraph=\count190
\c@subparagraph=\count191
\c@figure=\count192
\c@table=\count193
\abovecaptionskip=\skip47
\belowcaptionskip=\skip48
\bibindent=\dimen138
)
(/usr/share/texlive/texmf-dist/tex/latex/sttools/flushend.sty
Package: flushend 2021/10/04 v4.0 Balancing columns in twocolumn mode
\flushend@@lastskip@a=\skip49
\flushend@@lastskip@b=\skip50
\flushend@@lastnode=\count194
\var@@loop@iter=\count195
\var@@temp@spread=\dimen139
\var@@temp@a=\dimen140
\var@@temp@loop=\dimen141
\flushend@@page@rule=\dimen142
\flushend@@varbox@lastpage=\box50
\flushend@@varbox@a=\box51
\flushend@@varbox@c=\box52
\flushend@@tempbox@a=\box53
\flushend@@tempbox@c=\box54
\flushend@@floatbox=\box55
\@viper=\box56
\hold@viper=\box57
\atColsBreak=\toks16
\atColsEnd=\toks17
\oldbreak@skip=\dimen143
)
(/usr/share/texlive/texmf-dist/tex/latex/graphics/graphicx.sty
Package: graphicx 2021/09/16 v1.2d Enhanced LaTeX Graphics (DPC,SPQR)

(/usr/share/texlive/texmf-dist/tex/latex/graphics/keyval.sty
Package: keyval 2014/10/28 v1.15 key=value parser (DPC)
\KV@toks@=\toks18
)
(/usr/share/texlive/texmf-dist/tex/latex/graphics/graphics.sty
Package: graphics 2021/03/04 v1.4d Standard LaTeX Graphics (DPC,SPQR)

(/usr/share/texlive/texmf-dist/tex/latex/graphics/trig.sty
Package: trig 2021/08/11 v1.11 sin cos tan (DPC)
)
(/usr/share/texlive/texmf-dist/tex/latex/graphics-cfg/graphics.cfg
File: graphics.cfg 2016/06/04 v1.11 sample graphics configuration
)
Package graphics Info: Driver file: pdftex.def on input line 107.

(/usr/share/texlive/texmf-dist/tex/latex/graphics-def/pdftex.def
File: pdftex.def 2020/10/05 v1.2a Graphics/color driver for pdftex
))
\Gin@req@height=\dimen144
\Gin@req@width=\dimen145
)
(/usr/share/texlive/texmf-dist/tex/latex/cite/cite.sty
LaTeX Info: Redefining \cite on input line 302.
LaTeX Info: Redefining \nocite on input line 332.
Package: cite 2015/02/27  v 5.5
)
(/usr/share/texlive/texmf-dist/tex/latex/glossaries/base/glossaries.sty
Package: glossaries 2021/11/01 v4.49 (NLCT)

(/usr/share/texlive/texmf-dist/tex/latex/base/ifthen.sty
Package: ifthen 2020/11/24 v1.1c Standard LaTeX ifthen package (DPC)
)
(/usr/share/texlive/texmf-dist/tex/latex/xkeyval/xkeyval.sty
Package: xkeyval 2020/11/20 v2.8 package option processing (HA)

(/usr/share/texlive/texmf-dist/tex/generic/xkeyval/xkeyval.tex
(/usr/share/texlive/texmf-dist/tex/generic/xkeyval/xkvutils.tex
\XKV@toks=\toks19
\XKV@tempa@toks=\toks20
)
\XKV@depth=\count196
File: xkeyval.tex 2014/12/03 v2.7a key=value parser (HA)
))
(/usr/share/texlive/texmf-dist/tex/latex/mfirstuc/mfirstuc.sty
Package: mfirstuc 2021/10/15 v2.07 (NLCT)

(/usr/share/texlive/texmf-dist/tex/latex/etoolbox/etoolbox.sty
Package: etoolbox 2020/10/05 v2.5k e-TeX tools for LaTeX (JAW)
\etb@tempcnta=\count197
)
\@glsmfirst=\toks21
\@glsmrest=\toks22
)
(/usr/share/texlive/texmf-dist/tex/latex/textcase/textcase.sty
Package: textcase 2019/09/14 v1.00 Text only upper/lower case changing (DPC)
)
(/usr/share/texlive/texmf-dist/tex/latex/xfor/xfor.sty
Package: xfor 2009/02/05 v1.05 (NLCT)
)
(/usr/share/texlive/texmf-dist/tex/latex/datatool/datatool-base.sty
Package: datatool-base 2019/09/27 v2.32 (NLCT)

(/usr/share/texlive/texmf-dist/tex/latex/amsmath/amsmath.sty
Package: amsmath 2021/10/15 v2.17l AMS math features
\@mathmargin=\skip51

For additional information on amsmath, use the `?' option.
(/usr/share/texlive/texmf-dist/tex/latex/amsmath/amstext.sty
Package: amstext 2021/08/26 v2.01 AMS text

(/usr/share/texlive/texmf-dist/tex/latex/amsmath/amsgen.sty
File: amsgen.sty 1999/11/30 v2.0 generic functions
\@emptytoks=\toks23
\ex@=\dimen146
))
(/usr/share/texlive/texmf-dist/tex/latex/amsmath/amsbsy.sty
Package: amsbsy 1999/11/29 v1.2d Bold Symbols
\pmbraise@=\dimen147
)
(/usr/share/texlive/texmf-dist/tex/latex/amsmath/amsopn.sty
Package: amsopn 2021/08/26 v2.02 operator names
)
\inf@bad=\count198
LaTeX Info: Redefining \frac on input line 234.
\uproot@=\count199
\leftroot@=\count266
LaTeX Info: Redefining \overline on input line 399.
\classnum@=\count267
\DOTSCASE@=\count268
LaTeX Info: Redefining \ldots on input line 496.
LaTeX Info: Redefining \dots on input line 499.
LaTeX Info: Redefining \cdots on input line 620.
\Mathstrutbox@=\box58
\strutbox@=\box59
\big@size=\dimen148
LaTeX Font Info:    Redeclaring font encoding OML on input line 743.
LaTeX Font Info:    Redeclaring font encoding OMS on input line 744.
\macc@depth=\count269
\c@MaxMatrixCols=\count270
\dotsspace@=\muskip16
\c@parentequation=\count271
\dspbrk@lvl=\count272
\tag@help=\toks24
\row@=\count273
\column@=\count274
\maxfields@=\count275
\andhelp@=\toks25
\eqnshift@=\dimen149
\alignsep@=\dimen150
\tagshift@=\dimen151
\tagwidth@=\dimen152
\totwidth@=\dimen153
\lineht@=\dimen154
\@envbody=\toks26
\multlinegap=\skip52
\multlinetaggap=\skip53
\mathdisplay@stack=\toks27
LaTeX Info: Redefining \[ on input line 2938.
LaTeX Info: Redefining \] on input line 2939.
)
(/usr/share/texlive/texmf-dist/tex/latex/substr/substr.sty
Package: substr 2009/10/20 v1.2 Handle substrings
\c@su@anzahl=\count276
)
(/usr/share/texlive/texmf-dist/tex/latex/datatool/datatool-fp.sty
Package: datatool-fp 2019/09/27 v2.32 (NLCT)

(/usr/share/texlive/texmf-dist/tex/latex/fp/fp.sty
Package: fp 1995/04/02

`Fixed Point Package', Version 0.8, April 2, 1995 (C) Michael Mehlich
(/usr/share/texlive/texmf-dist/tex/latex/fp/defpattern.sty
Package: defpattern 1994/10/12
\actioncount=\count277
)
(/usr/share/texlive/texmf-dist/tex/latex/fp/fp-basic.sty
Package: fp-basic 1996/05/13
\FP@xs=\count278
\FP@xia=\count279
\FP@xib=\count280
\FP@xfa=\count281
\FP@xfb=\count282
\FP@rega=\count283
\FP@regb=\count284
\FP@regs=\count285
\FP@times=\count286
)
(/usr/share/texlive/texmf-dist/tex/latex/fp/fp-addons.sty
Package: fp-addons 1995/03/15
)
(/usr/share/texlive/texmf-dist/tex/latex/fp/fp-snap.sty
Package: fp-snap 1995/04/05
)
(/usr/share/texlive/texmf-dist/tex/latex/fp/fp-exp.sty
Package: fp-exp 1995/04/03
)
(/usr/share/texlive/texmf-dist/tex/latex/fp/fp-trigo.sty
Package: fp-trigo 1995/04/14
)
(/usr/share/texlive/texmf-dist/tex/latex/fp/fp-pas.sty
Package: fp-pas 1994/08/29
)
(/usr/share/texlive/texmf-dist/tex/latex/fp/fp-random.sty
Package: fp-random 1995/02/23
\FPseed=\count287
)
(/usr/share/texlive/texmf-dist/tex/latex/fp/fp-eqn.sty
Package: fp-eqn 1995/04/03
)
(/usr/share/texlive/texmf-dist/tex/latex/fp/fp-upn.sty
Package: fp-upn 1996/10/21
)
(/usr/share/texlive/texmf-dist/tex/latex/fp/fp-eval.sty
Package: fp-eval 1995/04/03
)))
\@dtl@toks=\toks28
\@dtl@tmpcount=\count288
\dtl@tmplength=\skip54
\dtl@sortresult=\count289
\@dtl@numgrpsepcount=\count290
\@dtl@datatype=\count291
\dtl@codeA=\count292
\dtl@codeB=\count293
\@dtl@foreach@level=\count294
)
(/usr/share/texlive/texmf-dist/tex/latex/glossaries/base/glossaries-compatible-
307.sty
Package: glossaries-compatible-307 2021/11/01 v4.49 (NLCT)
)
\glossary@main@sortcount=\count295
\glossary@acronym@sortcount=\count296
\gls@level=\count297
\@gls@tmpb=\toks29
\gls@tmplen=\skip55
\glskeylisttok=\toks30
\glslabeltok=\toks31
\glsshorttok=\toks32
\glslongtok=\toks33

(/usr/share/texlive/texmf-dist/tex/latex/glossaries/styles/glossary-hypernav.st
y
Package: glossary-hypernav 2021/11/01 v4.49 (NLCT)
) (/usr/share/texlive/texmf-dist/tex/latex/glossaries/styles/glossary-list.sty
Package: glossary-list 2021/11/01 v4.49 (NLCT)
\glslistdottedwidth=\skip56
) (/usr/share/texlive/texmf-dist/tex/latex/glossaries/styles/glossary-long.sty
Package: glossary-long 2021/11/01 v4.49 (NLCT)

(/usr/share/texlive/texmf-dist/tex/latex/tools/longtable.sty
Package: longtable 2021-09-01 v4.17 Multi-page Table package (DPC)
\LTleft=\skip57
\LTright=\skip58
\LTpre=\skip59
\LTpost=\skip60
\LTchunksize=\count298
\LTcapwidth=\dimen155
\LT@head=\box60
\LT@firsthead=\box61
\LT@foot=\box62
\LT@lastfoot=\box63
\LT@gbox=\box64
\LT@cols=\count299
\LT@rows=\count300
\c@LT@tables=\count301
\c@LT@chunks=\count302
\LT@p@ftn=\toks34
)
\glsdescwidth=\skip61
\glspagelistwidth=\skip62
)
(/usr/share/texlive/texmf-dist/tex/latex/glossaries/styles/glossary-super.sty
Package: glossary-super 2021/11/01 v4.49 (NLCT)

(/usr/share/texlive/texmf-dist/tex/latex/supertabular/supertabular.sty
Package: supertabular 2020/02/02 v4.1g the supertabular environment
\c@tracingst=\count303
\ST@wd=\dimen156
\ST@rightskip=\skip63
\ST@leftskip=\skip64
\ST@parfillskip=\skip65
\ST@pageleft=\dimen157
\ST@headht=\dimen158
\ST@tailht=\dimen159
\ST@pagesofar=\dimen160
\ST@pboxht=\dimen161
\ST@lineht=\dimen162
\ST@prevht=\dimen163
\ST@toadd=\dimen164
\ST@dimen=\dimen165
\ST@pbox=\box65
))
(/usr/share/texlive/texmf-dist/tex/latex/glossaries/styles/glossary-tree.sty
Package: glossary-tree 2021/11/01 v4.49 (NLCT)
\glstreeindent=\skip66
))
(/usr/share/texlive/texmf-dist/tex/latex/sectsty/sectsty.sty
Package: sectsty 2002/02/25 v2.0.2 Commands to change all sectional heading sty
les


LaTeX Warning: Command \underbar  has changed.
               Check if current package is valid.


LaTeX Warning: Command \underline  has changed.
               Check if current package is valid.

) (/usr/share/texlive/texmf-dist/tex/latex/setspace/setspace.sty
Package: setspace 2011/12/19 v6.7a set line spacing
)
(/usr/share/texlive/texmf-dist/tex/latex/tools/enumerate.sty
Package: enumerate 2015/07/23 v3.00 enumerate extensions (DPC)
\@enLab=\toks35
)
(/usr/share/texlive/texmf-dist/tex/latex/ieeetran/IEEEtrantools.sty
Package: IEEEtrantools 2015/08/26 V1.5 by Michael Shell

-- See the "IEEEtrantools_doc.txt" manual for usage information.
-- http://www.michaelshell.org/tex/ieeetran/tools/
\@IEEEtrantmpdimenA=\dimen166
\@IEEEtrantmpdimenB=\dimen167
\@IEEEtrantmpdimenC=\dimen168
\@IEEEtrantmpcountA=\count304
\@IEEEtrantmpcountB=\count305
\@IEEEtrantmpcountC=\count306
\@IEEEtrantmptoksA=\toks36
\IEEEnormaljot=\dimen169
\IEEEquantizedlength=\dimen170
\IEEEquantizedlengthdiff=\dimen171
\IEEEquantizedtextheightdiff=\dimen172
\IEEEilabelindentA=\dimen173
\IEEEilabelindentB=\dimen174
\IEEEilabelindent=\dimen175
\IEEEelabelindent=\dimen176
\IEEEdlabelindent=\dimen177
\IEEElabelindent=\dimen178
\IEEEiednormlabelsep=\dimen179
\IEEEiedmathlabelsep=\dimen180
\IEEEiedtopsep=\skip67
\c@IEEEsubequation=\count307
\@IEEEeqnnumcols=\count308
\@IEEEeqncolcnt=\count309
\@IEEEsubeqnnumrollback=\count310
\IEEEPARstartletwidth=\dimen181
) (/usr/share/texlive/texmf-dist/tex/latex/paralist/paralist.sty
Package: paralist 2017/01/22 v2.7 Extended list environments
\pltopsep=\skip68
\plpartopsep=\skip69
\plitemsep=\skip70
\plparsep=\skip71
\pl@lab=\toks37
)
(/usr/share/texlive/texmf-dist/tex/latex/chngcntr/chngcntr.sty
Package: chngcntr 2018/04/09 v1.1a change counter resetting
Package chngcntr Info: \counterwithout already defined.
(chngcntr)             Quitting chngcntr on input line 21.
)
(/usr/share/texlive/texmf-dist/tex/latex/ftnxtra/ftnxtra.sty
Package: ftnxtra 2013/04/04 footnote fixes for standard LaTeX
\ftnxtra@p@ftn=\toks38
)
(/usr/share/texlive/texmf-dist/tex/latex/algorithms/algorithm.sty
Package: algorithm 2009/08/24 v0.1 Document Style `algorithm' - floating enviro
nment

(/usr/share/texlive/texmf-dist/tex/latex/float/float.sty
Package: float 2001/11/08 v1.3d Float enhancements (AL)
\c@float@type=\count311
\float@exts=\toks39
\float@box=\box66
\@float@everytoks=\toks40
\@floatcapt=\box67
)
\@float@every@algorithm=\toks41
\c@algorithm=\count312
)
(/usr/share/texlive/texmf-dist/tex/latex/algorithmicx/algpseudocode.sty
Package: algpseudocode 

(/usr/share/texlive/texmf-dist/tex/latex/algorithmicx/algorithmicx.sty
Package: algorithmicx 2005/04/27 v1.2 Algorithmicx

Document Style algorithmicx 1.2 - a greatly improved `algorithmic' style
\c@ALG@line=\count313
\c@ALG@rem=\count314
\c@ALG@nested=\count315
\ALG@tlm=\skip72
\ALG@thistlm=\skip73
\c@ALG@Lnr=\count316
\c@ALG@blocknr=\count317
\c@ALG@storecount=\count318
\c@ALG@tmpcounter=\count319
\ALG@tmplength=\skip74
)
Document Style - pseudocode environments for use with the `algorithmicx' style
)
\glswrite=\write3
\glo@main@file=\write4
\openout4 = `project.glo'.

Package glossaries Info: Writing glossary file project.glo on input line 30.
\glo@acronym@file=\write5
\openout5 = `project.acn'.

Package glossaries Info: Writing glossary file project.acn on input line 30.
 (/usr/share/texlive/texmf-dist/tex/latex/l3backend/l3backend-pdftex.def
File: l3backend-pdftex.def 2022-01-12 L3 backend support: PDF output (pdfTeX)
\l__color_backend_stack_int=\count320
\l__pdf_internal_box=\box68
)
(./project.aux)
\openout1 = `project.aux'.

LaTeX Font Info:    Checking defaults for OML/cmm/m/it on input line 41.
LaTeX Font Info:    ... okay on input line 41.
LaTeX Font Info:    Checking defaults for OMS/cmsy/m/n on input line 41.
LaTeX Font Info:    ... okay on input line 41.
LaTeX Font Info:    Checking defaults for OT1/cmr/m/n on input line 41.
LaTeX Font Info:    ... okay on input line 41.
LaTeX Font Info:    Checking defaults for T1/cmr/m/n on input line 41.
LaTeX Font Info:    ... okay on input line 41.
LaTeX Font Info:    Checking defaults for TS1/cmr/m/n on input line 41.
LaTeX Font Info:    ... okay on input line 41.
LaTeX Font Info:    Checking defaults for OMX/cmex/m/n on input line 41.
LaTeX Font Info:    ... okay on input line 41.
LaTeX Font Info:    Checking defaults for U/cmr/m/n on input line 41.
LaTeX Font Info:    ... okay on input line 41.

(/usr/share/texlive/texmf-dist/tex/context/base/mkii/supp-pdf.mkii
[Loading MPS to PDF converter (version 2006.09.02).]
\scratchcounter=\count321
\scratchdimen=\dimen182
\scratchbox=\box69
\nofMPsegments=\count322
\nofMParguments=\count323
\everyMPshowfont=\toks42
\MPscratchCnt=\count324
\MPscratchDim=\dimen183
\MPnumerator=\count325
\makeMPintoPDFobject=\count326
\everyMPtoPDFconversion=\toks43
) (/usr/share/texlive/texmf-dist/tex/latex/epstopdf-pkg/epstopdf-base.sty
Package: epstopdf-base 2020-01-24 v2.11 Base part for package epstopdf

(/usr/share/texlive/texmf-dist/tex/generic/infwarerr/infwarerr.sty
Package: infwarerr 2019/12/03 v1.5 Providing info/warning/error messages (HO)
)
(/usr/share/texlive/texmf-dist/tex/latex/grfext/grfext.sty
Package: grfext 2019/12/03 v1.3 Manage graphics extensions (HO)

(/usr/share/texlive/texmf-dist/tex/generic/kvdefinekeys/kvdefinekeys.sty
Package: kvdefinekeys 2019-12-19 v1.6 Define keys (HO)
))
(/usr/share/texlive/texmf-dist/tex/latex/kvoptions/kvoptions.sty
Package: kvoptions 2020-10-07 v3.14 Key value format for package options (HO)

(/usr/share/texlive/texmf-dist/tex/generic/ltxcmds/ltxcmds.sty
Package: ltxcmds 2020-05-10 v1.25 LaTeX kernel commands for general use (HO)
)
(/usr/share/texlive/texmf-dist/tex/generic/kvsetkeys/kvsetkeys.sty
Package: kvsetkeys 2019/12/15 v1.18 Key value parser (HO)
))
(/usr/share/texlive/texmf-dist/tex/generic/pdftexcmds/pdftexcmds.sty
Package: pdftexcmds 2020-06-27 v0.33 Utility functions of pdfTeX for LuaTeX (HO
)

(/usr/share/texlive/texmf-dist/tex/generic/iftex/iftex.sty
Package: iftex 2020/03/06 v1.0d TeX engine tests
)
Package pdftexcmds Info: \pdf@primitive is available.
Package pdftexcmds Info: \pdf@ifprimitive is available.
Package pdftexcmds Info: \pdfdraftmode found.
)
Package epstopdf-base Info: Redefining graphics rule for `.eps' on input line 4
85.
Package grfext Info: Graphics extension search list:
(grfext)             [.pdf,.png,.jpg,.mps,.jpeg,.jbig2,.jb2,.PDF,.PNG,.JPG,.JPE
G,.JBIG2,.JB2,.eps]
(grfext)             \AppendGraphicsExtensions on input line 504.

(/usr/share/texlive/texmf-dist/tex/latex/latexconfig/epstopdf-sys.cfg
File: epstopdf-sys.cfg 2010/07/13 v1.3 Configuration of (r)epstopdf for TeX Liv
e
))
<nitc-logo.png, id=1, 680.5425pt x 808.01875pt>
File: nitc-logo.png Graphic file (type png)
<use nitc-logo.png>
Package pdftex.def Info: nitc-logo.png  used on input line 64.
(pdftex.def)             Requested size: 77.99881pt x 92.6058pt.

[1

\openout3 = `project.ist'.

{/var/lib/texmf/fonts/map/pdftex/updmap/pdftex.map} <./nitc-logo.png>]
File: nitc-logo.png Graphic file (type png)
<use nitc-logo.png>
Package pdftex.def Info: nitc-logo.png  used on input line 85.
(pdftex.def)             Requested size: 77.99881pt x 92.6058pt.

Overfull \hbox (158.71507pt too wide) in paragraph at lines 108--119
 []
 []


Underfull \hbox (badness 10000) in paragraph at lines 108--119

 []

[1]
Underfull \hbox (badness 10000) in paragraph at lines 120--121

 []


Overfull \hbox (34.94965pt too wide) in paragraph at lines 124--130
 []
 []


Underfull \hbox (badness 10000) in paragraph at lines 124--130

 []

<ameen-signature.png, id=15, 1606.0pt x 1175.39125pt>
File: ameen-signature.png Graphic file (type png)
<use ameen-signature.png>
Package pdftex.def Info: ameen-signature.png  used on input line 137.
(pdftex.def)             Requested size: 43.52187pt x 31.86694pt.

Overfull \hbox (32.33856pt too wide) in paragraph at lines 134--140
[] 
 []

<vivek-signature.png, id=16, 635.37375pt x 395.4775pt>
File: vivek-signature.png Graphic file (type png)
<use vivek-signature.png>
Package pdftex.def Info: vivek-signature.png  used on input line 146.
(pdftex.def)             Requested size: 51.18965pt x 31.86694pt.

Overfull \hbox (32.33856pt too wide) in paragraph at lines 143--149
[] 
 []

<adil-signature.png, id=17, 491.58656pt x 287.57437pt>
File: adil-signature.png Graphic file (type png)
<use adil-signature.png>
Package pdftex.def Info: adil-signature.png  used on input line 155.
(pdftex.def)             Requested size: 54.47223pt x 31.86694pt.

Overfull \hbox (32.33856pt too wide) in paragraph at lines 152--158
[] 
 []

[2

 <./ameen-signature.png> <./vivek-signature.png> <./adil-signature.png>]
[1

] [1

] (./project.toc [2

])
\tf@toc=\write6
\openout6 = `project.toc'.

 [3] (./project.lof)
\tf@lof=\write7
\openout7 = `project.lof'.


No file project.gls.
[1

]
Chapter 1.
[2

]
Overfull \hbox (14.56566pt too wide) in paragraph at lines 203--204
[]\OT1/cmr/m/n/12 This work fo-cuses on the de-vel-op-ment of the sup-port-ing 
\OT1/cmr/bx/n/12 soft-ware toolchain
 []

<system_overview1.png, id=44, 732.7375pt x 482.80376pt>
File: system_overview1.png Graphic file (type png)
<use system_overview1.png>
Package pdftex.def Info: system_overview1.png  used on input line 207.
(pdftex.def)             Requested size: 390.0pt x 256.97508pt.
<asic_data_flow1.png, id=45, 905.3825pt x 435.6275pt>
File: asic_data_flow1.png Graphic file (type png)
<use asic_data_flow1.png>
Package pdftex.def Info: asic_data_flow1.png  used on input line 215.
(pdftex.def)             Requested size: 390.0pt x 187.64853pt.
[3]

LaTeX Warning: Reference `sec:dsp_parameters' on page 4 undefined on input line
 232.

[4 <./system_overview1.png>] [5 <./asic_data_flow1.png>] [6] [7]
Chapter 2.

Overfull \hbox (6.4182pt too wide) in paragraph at lines 309--310
\OT1/cmr/m/n/12 The de-vel-op-ment of ef-fi-cient AI com-pil-ers for spe-cial-i
zed hard-ware has emerged
 []


Overfull \hbox (8.26485pt too wide) in paragraph at lines 312--313
\OT1/cmr/m/n/12 jec-tory to-ward spe-cial-ized ar-chi-tec-tures. NASA's pi-o-ne
er-ing work on radiation-
 []

[8

] [9] [10]
Chapter 3.

Overfull \hbox (1.27937pt too wide) in paragraph at lines 326--327
\OT1/cmr/m/n/12 (ISRO) is de-vel-op-ing a cus-tom Application-Specific In-te-gr
ated Cir-cuit (ASIC)
 []

[11

]
Chapter 4.

Overfull \hbox (0.83006pt too wide) in paragraph at lines 333--334
[]\OT1/cmr/m/n/12 The com-pi-la-tion pro-cess is di-vided into three ma-jor sta
ges: \OT1/cmr/bx/n/12 Frame Mem-
 []


Overfull \hbox (2.15944pt too wide) in paragraph at lines 333--334
\OT1/cmr/bx/n/12 ory Ini-tial-iza-tion\OT1/cmr/m/n/12 , \OT1/cmr/bx/n/12 Fil-te
r Mem-ory Ini-tial-iza-tion\OT1/cmr/m/n/12 , and \OT1/cmr/bx/n/12 In-struc-tion
 Gen-
 []

<asic_dnn_compiler1.png, id=81, 902.37125pt x 424.58624pt>
File: asic_dnn_compiler1.png Graphic file (type png)
<use asic_dnn_compiler1.png>
Package pdftex.def Info: asic_dnn_compiler1.png  used on input line 337.
(pdftex.def)             Requested size: 390.0pt x 183.50792pt.
[12

]
<extract_ip_data1.png, id=86, 1159.33125pt x 463.7325pt>
File: extract_ip_data1.png Graphic file (type png)
<use extract_ip_data1.png>
Package pdftex.def Info: extract_ip_data1.png  used on input line 359.
(pdftex.def)             Requested size: 390.0pt x 155.99702pt.
 [13 <./asic_dnn_compiler1.png>] [14 <./extract_ip_data1.png>] [15]
<instruction_generation1.png, id=98, 1025.8325pt x 506.89375pt>
File: instruction_generation1.png Graphic file (type png)
<use instruction_generation1.png>
Package pdftex.def Info: instruction_generation1.png  used on input line 423.
(pdftex.def)             Requested size: 390.0pt x 192.70671pt.

[16 <./instruction_generation1.png>] [17] [18]
Chapter 5.
[19

] [20]
Chapter 6.

Overfull \hbox (6.42366pt too wide) in paragraph at lines 499--500
[]\OT1/cmr/m/n/12 Implementing com-pu-ta-tion split-ting to work within hard-wa
re con-straints
 []

[21

]
Overfull \hbox (4.66534pt too wide) in paragraph at lines 531--532
\OT1/cmr/m/n/12 sys-tems, demon-strat-ing that spe-cial-ized hardware-software 
co-design can over-
 []

[22] (./project.bbl [23] [24

]) [25] (./project.aux)

LaTeX Warning: There were undefined references.

 ) 
Here is how much of TeX's memory you used:
 8855 strings out of 480171
 152146 string characters out of 5894488
 487784 words of memory out of 5000000
 26612 multiletter control sequences out of 15000+600000
 475998 words of font info for 51 fonts, out of 8000000 for 9000
 59 hyphenation exceptions out of 8191
 91i,14n,91p,1136b,404s stack positions out of 5000i,500n,10000p,200000b,80000s
 </home/adil_aj/.texlive2021/texmf-var/fonts/pk/ljfour/jknappen/ec/tcrm1200.6
00pk></usr/share/texlive/texmf-dist/fonts/type1/public/amsfonts/cm/cmbx12.pfb><
/usr/share/texlive/texmf-dist/fonts/type1/public/amsfonts/cm/cmex10.pfb></usr/s
hare/texlive/texmf-dist/fonts/type1/public/amsfonts/cm/cmmi12.pfb></usr/share/t
exlive/texmf-dist/fonts/type1/public/amsfonts/cm/cmr12.pfb></usr/share/texlive/
texmf-dist/fonts/type1/public/amsfonts/cm/cmr8.pfb></usr/share/texlive/texmf-di
st/fonts/type1/public/amsfonts/cm/cmsl12.pfb></usr/share/texlive/texmf-dist/fon
ts/type1/public/amsfonts/cm/cmsy10.pfb></usr/share/texlive/texmf-dist/fonts/typ
e1/public/amsfonts/cm/cmti12.pfb></usr/share/texlive/texmf-dist/fonts/type1/pub
lic/amsfonts/cm/cmtt12.pfb>
Output written on project.pdf (32 pages, 1536178 bytes).
PDF statistics:
 177 PDF objects out of 1000 (max. 8388607)
 104 compressed objects within 2 object streams
 0 named destinations out of 1000 (max. 500000)
 46 words of extra memory for PDF output out of 10000 (max. 10000000)

